<?xml version="1.0" encoding="UTF-8"?>
<!-- Generated by org.testng.reporters.JUnitReportReporter -->
<testsuite hostname="DESKTOP-GA3FTFK" failures="0" tests="1" name="TestDemoMaven.TestDemoMaven.AppTest" time="0.021" errors="0" timestamp="2023-06-20T09:51:13 IST" skipped="0">
  <testcase classname="TestDemoMaven.TestDemoMaven.AppTest" name="shouldAnswerWithTrue" time="0.021"/>
</testsuite> <!-- TestDemoMaven.TestDemoMaven.AppTest -->
